<?xml version="1.0" encoding="UTF-8"?>
<!-- Generated by org.testng.reporters.JUnitXMLReporter -->
<testsuite ignored="0" hostname="Shanawaz" failures="0" tests="3" name="Default test" time="0.053" errors="0" timestamp="2024-08-08T09:47:39 IST">
  <testcase classname="testng.DataProvidersTest" name="bookTicketTest" time="0.006"/>
  <testcase classname="testng.DataProvidersTest" name="bookTicketTest" time="0.001"/>
  <testcase classname="testng.DataProvidersTest" name="bookTicketTest" time="0.001"/>
</testsuite> <!-- Default test -->
