<?xml version="1.0" encoding="UTF-8"?>
<!-- Generated by org.testng.reporters.JUnitXMLReporter -->
<testsuite ignored="0" hostname="Shanawaz" failures="0" tests="5" name="Test" time="126.398" errors="0" timestamp="2024-08-07T12:47:39 IST">
  <testcase classname="testNGImplementation.CreateOrgWithTypeAndIndustryTest" name="createOrgWithTypeAndIndustryTest" time="15.836"/>
  <testcase classname="testNGImplementation.CreateEventTest" name="createEventTest" time="11.303"/>
  <testcase classname="testNGImplementation.CreateOrganizationTest" name="createOrganizationTest" time="16.037"/>
  <testcase classname="testNGImplementation.CreateAndDuplicateLeadTest" name="createAndDuplicateLeadTest" time="18.804"/>
  <testcase classname="testNGImplementation.CreateContactWithExistingOrgTest" name="createContact" time="18.245"/>
</testsuite> <!-- Test -->
