<?xml version="1.0" encoding="UTF-8"?>
<testng-results ignored="0" total="3" passed="3" failed="0" skipped="0">
  <reporter-output>
  </reporter-output>
  <suite started-at="2024-08-08T09:47:39 IST" name="Default suite" finished-at="2024-08-08T09:47:39 IST" duration-ms="53">
    <groups>
    </groups>
    <test started-at="2024-08-08T09:47:39 IST" name="Default test" finished-at="2024-08-08T09:47:39 IST" duration-ms="53">
      <class name="testng.DataProvidersTest">
        <test-method signature="bookTicketTest(java.lang.String,java.lang.String)[pri:0, instance:testng.DataProvidersTest@543588e6]" started-at="2024-08-08T09:47:39 IST" name="bookTicketTest" data-provider="data" finished-at="2024-08-08T09:47:39 IST" duration-ms="6" status="PASS">
          <params>
            <param index="0">
              <value>
                <![CDATA[Hyd]]>
              </value>
            </param>
            <param index="1">
              <value>
                <![CDATA[Chennai]]>
              </value>
            </param>
          </params>
          <reporter-output>
          </reporter-output>
        </test-method> <!-- bookTicketTest -->
        <test-method signature="bookTicketTest(java.lang.String,java.lang.String)[pri:0, instance:testng.DataProvidersTest@543588e6]" started-at="2024-08-08T09:47:39 IST" name="bookTicketTest" data-provider="data" finished-at="2024-08-08T09:47:39 IST" duration-ms="1" status="PASS">
          <params>
            <param index="0">
              <value>
                <![CDATA[Hyd]]>
              </value>
            </param>
            <param index="1">
              <value>
                <![CDATA[Delhi]]>
              </value>
            </param>
          </params>
          <reporter-output>
          </reporter-output>
        </test-method> <!-- bookTicketTest -->
        <test-method signature="bookTicketTest(java.lang.String,java.lang.String)[pri:0, instance:testng.DataProvidersTest@543588e6]" started-at="2024-08-08T09:47:39 IST" name="bookTicketTest" data-provider="data" finished-at="2024-08-08T09:47:39 IST" duration-ms="1" status="PASS">
          <params>
            <param index="0">
              <value>
                <![CDATA[Hyd]]>
              </value>
            </param>
            <param index="1">
              <value>
                <![CDATA[Bangalore]]>
              </value>
            </param>
          </params>
          <reporter-output>
          </reporter-output>
        </test-method> <!-- bookTicketTest -->
      </class> <!-- testng.DataProvidersTest -->
    </test> <!-- Default test -->
  </suite> <!-- Default suite -->
</testng-results>
